<?xml version="1.0" encoding="UTF-8"?>
<testsuite name="fr.efrei.backend.BackendApplicationTests" tests="1" skipped="0" failures="0" errors="0" timestamp="2023-11-15T10:27:02" hostname="DESKTOP-P5O2EDF" time="1.236">
  <properties/>
  <testcase name="contextLoads()" classname="fr.efrei.backend.BackendApplicationTests" time="1.236"/>
  <system-out><![CDATA[11:26:58.958 [Test worker] INFO org.springframework.test.context.support.AnnotationConfigContextLoaderUtils -- Could not detect default configuration classes for test class [fr.efrei.backend.BackendApplicationTests]: BackendApplicationTests does not declare any static, non-private, non-final, nested classes annotated with @Configuration.
11:26:59.142 [Test worker] INFO org.springframework.boot.test.context.SpringBootTestContextBootstrapper -- Found @SpringBootConfiguration fr.efrei.backend.BackendApplication for test class fr.efrei.backend.BackendApplicationTests

  .   ____          _            __ _ _
 /\\ / ___'_ __ _ _(_)_ __  __ _ \ \ \ \
( ( )\___ | '_ | '_| | '_ \/ _` | \ \ \ \
 \\/  ___)| |_)| | | | | || (_| |  ) ) ) )
  '  |____| .__|_| |_|_| |_\__, | / / / /
 =========|_|==============|___/=/_/_/_/
 :: Spring Boot ::       (v3.2.0-SNAPSHOT)

2023-11-15T11:26:59.918+01:00  INFO 11120 --- [    Test worker] f.efrei.backend.BackendApplicationTests  : Starting BackendApplicationTests using Java 17.0.9 with PID 11120 (started by Noob in C:\Users\Noob\Downloads\backend)
2023-11-15T11:26:59.920+01:00  INFO 11120 --- [    Test worker] f.efrei.backend.BackendApplicationTests  : No active profile set, falling back to 1 default profile: "default"
2023-11-15T11:27:01.358+01:00  WARN 11120 --- [    Test worker] trationDelegate$BeanPostProcessorChecker : Bean 'org.springframework.ws.config.annotation.DelegatingWsConfiguration' of type [org.springframework.ws.config.annotation.DelegatingWsConfiguration$$SpringCGLIB$$0] is not eligible for getting processed by all BeanPostProcessors (for example: not eligible for auto-proxying). The currently created BeanPostProcessor [annotationActionEndpointMapping] is declared through a non-static factory method on that class; consider declaring it as static instead.
2023-11-15T11:27:01.413+01:00  INFO 11120 --- [    Test worker] .w.s.a.s.AnnotationActionEndpointMapping : Supporting [WS-Addressing August 2004, WS-Addressing 1.0]
2023-11-15T11:27:02.526+01:00  INFO 11120 --- [    Test worker] f.efrei.backend.BackendApplicationTests  : Started BackendApplicationTests in 3.009 seconds (process running for 5.048)
]]></system-out>
  <system-err><![CDATA[]]></system-err>
</testsuite>
