<?xml version="1.0" encoding="UTF-8"?>
<testsuite name="fr.efrei.backend.BackendApplicationTests" tests="1" skipped="0" failures="0" errors="0" timestamp="2023-11-22T08:32:24" hostname="DESKTOP-P5O2EDF" time="1.021">
  <properties/>
  <testcase name="contextLoads()" classname="fr.efrei.backend.BackendApplicationTests" time="1.021"/>
  <system-out><![CDATA[09:32:19.274 [Test worker] INFO org.springframework.test.context.support.AnnotationConfigContextLoaderUtils -- Could not detect default configuration classes for test class [fr.efrei.backend.BackendApplicationTests]: BackendApplicationTests does not declare any static, non-private, non-final, nested classes annotated with @Configuration.
09:32:19.477 [Test worker] INFO org.springframework.boot.test.context.SpringBootTestContextBootstrapper -- Found @SpringBootConfiguration fr.efrei.backend.BackendApplication for test class fr.efrei.backend.BackendApplicationTests

  .   ____          _            __ _ _
 /\\ / ___'_ __ _ _(_)_ __  __ _ \ \ \ \
( ( )\___ | '_ | '_| | '_ \/ _` | \ \ \ \
 \\/  ___)| |_)| | | | | || (_| |  ) ) ) )
  '  |____| .__|_| |_|_| |_\__, | / / / /
 =========|_|==============|___/=/_/_/_/
 :: Spring Boot ::       (v3.2.0-SNAPSHOT)

2023-11-22T09:32:20.206+01:00  INFO 2528 --- [    Test worker] f.efrei.backend.BackendApplicationTests  : Starting BackendApplicationTests using Java 17.0.9 with PID 2528 (started by Noob in C:\Users\Noob\IdeaProjects\cloud_integration\backend)
2023-11-22T09:32:20.208+01:00  INFO 2528 --- [    Test worker] f.efrei.backend.BackendApplicationTests  : No active profile set, falling back to 1 default profile: "default"
2023-11-22T09:32:21.358+01:00  INFO 2528 --- [    Test worker] .s.d.r.c.RepositoryConfigurationDelegate : Bootstrapping Spring Data JPA repositories in DEFAULT mode.
2023-11-22T09:32:21.400+01:00  INFO 2528 --- [    Test worker] .s.d.r.c.RepositoryConfigurationDelegate : Finished Spring Data repository scanning in 23 ms. Found 0 JPA repository interfaces.
2023-11-22T09:32:22.043+01:00  INFO 2528 --- [    Test worker] com.zaxxer.hikari.HikariDataSource       : HikariPool-1 - Starting...
2023-11-22T09:32:22.387+01:00  INFO 2528 --- [    Test worker] com.zaxxer.hikari.pool.HikariPool        : HikariPool-1 - Added connection conn0: url=jdbc:h2:mem:58ccab4a-8117-4252-a993-ffac8baef25e user=SA
2023-11-22T09:32:22.390+01:00  INFO 2528 --- [    Test worker] com.zaxxer.hikari.HikariDataSource       : HikariPool-1 - Start completed.
2023-11-22T09:32:22.478+01:00  INFO 2528 --- [    Test worker] o.hibernate.jpa.internal.util.LogHelper  : HHH000204: Processing PersistenceUnitInfo [name: default]
2023-11-22T09:32:22.598+01:00  INFO 2528 --- [    Test worker] org.hibernate.Version                    : HHH000412: Hibernate ORM core version 6.3.1.Final
2023-11-22T09:32:22.675+01:00  INFO 2528 --- [    Test worker] o.h.c.internal.RegionFactoryInitiator    : HHH000026: Second-level cache disabled
2023-11-22T09:32:23.120+01:00  INFO 2528 --- [    Test worker] o.s.o.j.p.SpringPersistenceUnitInfo      : No LoadTimeWeaver setup: ignoring JPA class transformer
2023-11-22T09:32:23.685+01:00  INFO 2528 --- [    Test worker] o.h.e.t.j.p.i.JtaPlatformInitiator       : HHH000489: No JTA platform available (set 'hibernate.transaction.jta.platform' to enable JTA platform integration)
2023-11-22T09:32:23.690+01:00  INFO 2528 --- [    Test worker] j.LocalContainerEntityManagerFactoryBean : Initialized JPA EntityManagerFactory for persistence unit 'default'
2023-11-22T09:32:23.941+01:00  WARN 2528 --- [    Test worker] JpaBaseConfiguration$JpaWebConfiguration : spring.jpa.open-in-view is enabled by default. Therefore, database queries may be performed during view rendering. Explicitly configure spring.jpa.open-in-view to disable this warning
2023-11-22T09:32:24.595+01:00  INFO 2528 --- [    Test worker] f.efrei.backend.BackendApplicationTests  : Started BackendApplicationTests in 4.744 seconds (process running for 6.677)
]]></system-out>
  <system-err><![CDATA[]]></system-err>
</testsuite>
